<?xml version="1.0" encoding="UTF-8"?>
<!-- Generated by org.testng.reporters.JUnitXMLReporter -->
<testsuite ignored="1" hostname="DESKTOP-7KR4T81" failures="0" tests="1" name="Default test" time="12.447" errors="0" timestamp="2024-01-16T23:54:24 IST">
  <testcase classname="com.first.Test.FirstTest" name="TestYoutube" time="12.382"/>
  <testcase classname="com.first.Test.FirstTest" name="TestGoogle" time="0.0">
    <ignored/>
  </testcase> <!-- TestGoogle -->
</testsuite> <!-- Default test -->
