<?xml version="1.0" encoding="UTF-8"?>
<testng-results ignored="0" total="1" passed="1" failed="0" skipped="0">
  <reporter-output>
  </reporter-output>
  <suite started-at="2024-01-11T02:57:47 IST" name="Default suite" finished-at="2024-01-11T02:57:57 IST" duration-ms="9790">
    <groups>
    </groups>
    <test started-at="2024-01-11T02:57:47 IST" name="Default test" finished-at="2024-01-11T02:57:57 IST" duration-ms="9790">
      <class name="com.first.Test.FirstTest">
        <test-method signature="TestYoutube()[pri:0, instance:com.first.Test.FirstTest@206a70ef]" started-at="2024-01-11T02:57:47 IST" name="TestYoutube" finished-at="2024-01-11T02:57:57 IST" duration-ms="9754" status="PASS">
          <reporter-output>
          </reporter-output>
        </test-method> <!-- TestYoutube -->
      </class> <!-- com.first.Test.FirstTest -->
    </test> <!-- Default test -->
  </suite> <!-- Default suite -->
</testng-results>
